{ Using PSTWRITER 16.6.0 d001May-17-2018 at 11:02:18 }

#1 WARNING(ORCAP-36038): "No_connect" property on Pin "U1.3" ignored for U1: SCHEMATIC1, PAGE1 (6.60, 1.10). Connecting pin to net "PC14".
#2 WARNING(ORCAP-36038): "No_connect" property on Pin "U1.29" ignored for U1: SCHEMATIC1, PAGE1 (6.60, 1.10). Connecting pin to net "PA8".
#3 WARNING(ORCAP-36038): "No_connect" property on Pin "U1.42" ignored for U1: SCHEMATIC1, PAGE1 (6.60, 1.10). Connecting pin to net "PB6".
#4 WARNING(ORCAP-36038): "No_connect" property on Pin "U1.43" ignored for U1: SCHEMATIC1, PAGE1 (6.60, 1.10). Connecting pin to net "PB7".
#5 WARNING(ORCAP-36038): "No_connect" property on Pin "U1.18" ignored for U1: SCHEMATIC1, PAGE1 (6.60, 1.10). Connecting pin to net "PB0".
#6 WARNING(ORCAP-36038): "No_connect" property on Pin "U1.19" ignored for U1: SCHEMATIC1, PAGE1 (6.60, 1.10). Connecting pin to net "PB1".
#7 WARNING(ORCAP-36038): "No_connect" property on Pin "U1.20" ignored for U1: SCHEMATIC1, PAGE1 (6.60, 1.10). Connecting pin to net "PB2".
#8 WARNING(ORCAP-36038): "No_connect" property on Pin "U1.21" ignored for U1: SCHEMATIC1, PAGE1 (6.60, 1.10). Connecting pin to net "PB10".
#9 WARNING(ORCAP-36038): "No_connect" property on Pin "U1.22" ignored for U1: SCHEMATIC1, PAGE1 (6.60, 1.10). Connecting pin to net "PB11".
#10 WARNING(ORCAP-36038): "No_connect" property on Pin "U1.14" ignored for U1: SCHEMATIC1, PAGE1 (6.60, 1.10). Connecting pin to net "PA4".
#11 WARNING(ORCAP-36038): "No_connect" property on Pin "U1.15" ignored for U1: SCHEMATIC1, PAGE1 (6.60, 1.10). Connecting pin to net "SPI1_SCK".
#12 WARNING(ORCAP-36038): "No_connect" property on Pin "U1.17" ignored for U1: SCHEMATIC1, PAGE1 (6.60, 1.10). Connecting pin to net "SPI1_MOSI".
#13 WARNING(ORCAP-36038): "No_connect" property on Pin "U1.16" ignored for U1: SCHEMATIC1, PAGE1 (6.60, 1.10). Connecting pin to net "SPI1_MISO".
#14 WARNING(ORCAP-36038): "No_connect" property on Pin "U1.45" ignored for U1: SCHEMATIC1, PAGE1 (6.60, 1.10). Connecting pin to net "PB8".
#15 WARNING(ORCAP-36038): "No_connect" property on Pin "U1.36" ignored for U1: SCHEMATIC1, PAGE1 (6.60, 1.10). Connecting pin to net "PF7".
#16 WARNING(ORCAP-36038): "No_connect" property on Pin "U1.35" ignored for U1: SCHEMATIC1, PAGE1 (6.60, 1.10). Connecting pin to net "PF6".
#17 WARNING(ORCAP-36038): "No_connect" property on Pin "U1.33" ignored for U1: SCHEMATIC1, PAGE1 (6.60, 1.10). Connecting pin to net "PA12".
#18 WARNING(ORCAP-36038): "No_connect" property on Pin "U1.46" ignored for U1: SCHEMATIC1, PAGE1 (6.60, 1.10). Connecting pin to net "PB9".
#19 WARNING(ORCAP-36006): Part Name "DIODE  TRIG_SOD-923_LESD9D3.3CT5G" is renamed to "DIODE  TRIG_SOD-923_LESD9D3.3CT".
#20 WARNING(ORCAP-36006): Part Name "J_SMALL_J_CAR_STANDER_SMALL_J_SMALL" is renamed to "J_SMALL_J_CAR_STANDER_SMALL_J_S".
#21 WARNING(ORCAP-36006): Part Name "INDUCTOR IRON_0_L808040_LVS808040-101M-N" is renamed to "INDUCTOR IRON_0_L808040_LVS8080".
#22 WARNING(ORCAP-36006): Part Name "INDUCTOR IRON_0_DFP201610_DFP201610TF-4R7M" is renamed to "INDUCTOR IRON_0_DFP201610_DFP20".
#23 WARNING(ORCAP-36006): Part Name "STM32F030C8T6_LQFP48_STM32F030C8T6" is renamed to "STM32F030C8T6_LQFP48_STM32F030C".
#24 WARNING(ORCAP-36042): Pin "GND" is renamed to "GND#3" as visible power pin of same name already exists in Package XL7035 , U4: SCHEMATIC1, PAGE1 (4.80, 7.00).
#25 WARNING(ORCAP-36042): Pin "GND" is renamed to "GND#6" as visible power pin of same name already exists in Package XL7035 , U4: SCHEMATIC1, PAGE1 (4.80, 7.00).
#26 WARNING(ORCAP-36006): Part Name "AZ1117EH-3.3_SOT-223_AZ1117EH-3.3" is renamed to "AZ1117EH-3.3_SOT-223_AZ1117EH-3".
INFO(ORCAP-36080): Scanning netlist files ...

Loading... D:\WORKPRJ\XIAOBINGAO\ADIS16448\DSN\NETLIST/pstchip.dat

Loading... D:\WORKPRJ\XIAOBINGAO\ADIS16448\DSN\NETLIST/pstchip.dat

Loading... D:\WORKPRJ\XIAOBINGAO\ADIS16448\DSN\NETLIST/pstxprt.dat

Loading... D:\WORKPRJ\XIAOBINGAO\ADIS16448\DSN\NETLIST/pstxnet.dat
packaging the design view...