(---------------------------------------------------------------------)
(                                                                     )
(    NC DRILL Log                                                     )
(                                                                     )
(    Drawing          : ADI_BASEBOARD_V1.brd                          )
(    Software Version : 16.6-2015S088                                 )
(    Date/Time        : Thu May 17 11:22:00 2018                      )
(                                                                     )
(---------------------------------------------------------------------)



 Processing NC Parameters file 'nc_param.txt' ...

 NC PARAMETERS
 -------------

 FORMAT   		2.5
 MACHINE-OFFSET		x:0.00000	y:0.00000   (inch)
 FEEDRATE		1
 COORDINATES		ABSOLUTE
 OUTPUT-UNITS		ENGLISH
 TOOL-ORDER		INCREASING
 REPEAT-CODES		YES
 SUPPRESS-LEAD-ZEROES	NO
 SUPPRESS-TRAIL-ZEROES	NO
 SUPPRESS-EQUAL		NO
 TOOL-SELECT		YES
 HEADER			none
 LEADER			12
 CODE			ASCII
 SEPARATE		NO
 SEPARATE-ROUTING	NO
 OPTIMIZE_DRILLING	YES
 ENHANCED_EXCELLON	YES
 SCALE			1.000000

 WARNING(SPMHMF-360): Design precision is greater than that of the drill output file data.
 WARNING(SPMHMF-361): Data rounding errors are very possible.
 WARNING(SPMHMF-368): Cannot find NC Drill tool file 'nc_tools.txt'
 WARNING(SPMHMF-369): ... will auto-generate tool file 'nc_tools_auto.txt'.


     Auto-generating tool file 'nc_tools_auto.txt' ...

           Size  Plating  Tool        + Tolerance  - Tolerance

         12.000  P        T01            0.000000     0.000000
         19.685  P        T02            0.000000     0.000000
         20.000  P        T03            0.000000     0.000000
         47.244  P        T04            0.000000     0.000000
         55.118  P        T05            0.000000     0.000000
        102.362  P        T06            0.000000     0.000000
        118.110  P        T07            0.000000     0.000000


Drill files being output to directory 'D:/WorkPrj/XiaobinGao/ADIS16448/BRD/ARTWORK' ...



     'ADI_BASEBOARD_V1-1-2.drl' created for holes connecting TOP and BOTTOM
     ----------------------------------------------------------------------

     Tool  Num     Size      +/- Tolerance     Plating   Quantity

     T01    1.  12.0000    0.0000/  0.0000      PLATED         77
     T02    2.  19.6850    0.0000/  0.0000      PLATED         20
     T03    3.  20.0000    0.0000/  0.0000      PLATED          2
     T04    4.  47.2440    0.0000/  0.0000      PLATED          6
     T05    5.  55.1180    0.0000/  0.0000      PLATED         24
     T06    6. 102.3620    0.0000/  0.0000      PLATED          2
     T07    7. 118.1100    0.0000/  0.0000      PLATED          4

     ---- Total holes:                                        135

     ---- Total head travel:              3.50 feet (1.07 meters)

