(---------------------------------------------------------------------)
(                                                                     )
(    Allegro Netrev Import Logic                                      )
(                                                                     )
(    Drawing          : ADI_BASEBOARD_V1.brd                          )
(    Software Version : 16.6-2015S088                                 )
(    Date/Time        : Thu May 17 11:02:29 2018                      )
(                                                                     )
(---------------------------------------------------------------------)


------ Directives ------------

Ripup etch:                  No
Ripup delete first segment:  No
Ripup retain bondwire:       No
Ripup symbols:               IfSame
Missing symbol has error:    No
DRC update:                  Yes
Schematic directory:         'D:/WorkPrj/XiaobinGao/ADIS16448/DSN/NETLIST'
Design Directory:            'D:/WorkPrj/XiaobinGao/ADIS16448/BRD'
Old design name:             'D:/WorkPrj/XiaobinGao/ADIS16448/BRD/ADI_BASEBOARD_V1.brd'
New design name:             'D:/WorkPrj/XiaobinGao/ADIS16448/BRD/ADI_BASEBOARD_V1.brd'

CmdLine: netrev -$ -i D:/WorkPrj/XiaobinGao/ADIS16448/DSN/NETLIST -y 2 -q netrev_constraint_report.xml D:/WorkPrj/XiaobinGao/ADIS16448/BRD/#Taaaaat13640.tmp

------ Preparing to read pst files ------

Starting to read D:/WorkPrj/XiaobinGao/ADIS16448/DSN/NETLIST/pstchip.dat 
   Finished reading D:/WorkPrj/XiaobinGao/ADIS16448/DSN/NETLIST/pstchip.dat (00:00:00.04)
Starting to read D:/WorkPrj/XiaobinGao/ADIS16448/DSN/NETLIST/pstxprt.dat 
   Finished reading D:/WorkPrj/XiaobinGao/ADIS16448/DSN/NETLIST/pstxprt.dat (00:00:00.00)
Starting to read D:/WorkPrj/XiaobinGao/ADIS16448/DSN/NETLIST/pstxnet.dat 
   Finished reading D:/WorkPrj/XiaobinGao/ADIS16448/DSN/NETLIST/pstxnet.dat (00:00:00.00)

------ Oversights/Warnings/Errors ------


------ Library Paths ------
MODULEPATH =  . 
           C:/Cadence/SPB_16.6/share/local/pcb/modules 

PSMPATH =  D:/Cadence/lib/ 
           . 
           symbols 
           .. 
           ../symbols 
           C:/Cadence/SPB_16.6/share/local/pcb/symbols 
           C:/Cadence/SPB_16.6/share/pcb/pcb_lib/symbols 
           C:/Cadence/SPB_16.6/share/pcb/allegrolib/symbols 

PADPATH =  D:/Cadence/lib/ 
           . 
           symbols 
           .. 
           ../symbols 
           C:/Cadence/SPB_16.6/share/local/pcb/padstacks 
           C:/Cadence/SPB_16.6/share/pcb/pcb_lib/symbols 
           C:/Cadence/SPB_16.6/share/pcb/allegrolib/symbols 


------ Summary Statistics ------


netrev run on May 17 11:02:29 2018
   DESIGN NAME : 'ADIS16448'
   PACKAGING ON Feb 15 2016 19:53:59

   COMPILE 'logic'
   CHECK_PIN_NAMES OFF
   CROSS_REFERENCE OFF
   FEEDBACK OFF
   INCREMENTAL OFF
   INTERFACE_TYPE PHYSICAL
   MAX_ERRORS 500
   MERGE_MINIMUM 5
   NET_NAME_CHARS '#%&()*+-./:=>?@[]^_`|'
   NET_NAME_LENGTH 24
   OVERSIGHTS ON
   REPLACE_CHECK OFF
   SINGLE_NODE_NETS ON
   SPLIT_MINIMUM 0
   SUPPRESS   20
   WARNINGS ON

 No error detected
 No oversight detected
 No warning detected

cpu time      0:00:33
elapsed time  0:00:00

