(---------------------------------------------------------------------)
(                                                                     )
(    ARTWORK LOG                                                      )
(                                                                     )
(    Drawing          : ADI_BASEBOARD_V1.brd                          )
(    Software Version : 16.6-2015S088                                 )
(    Date/Time        : Thu May 17 11:22:17 2018                      )
(                                                                     )
(---------------------------------------------------------------------)


 ---- Photoplot outline rectangle not found; using drawing extents.



Results from parameter file ...
    DEVICE-TYPE           GERBER_RS274X
    OUTPUT-UNITS          INCHES
    FILM-SIZE             2400000 1600000
    FORMAT                2.5
    ABORT-ON-ERROR        NO
    SCALE                 1
    SUPPRESS-LEAD-ZEROES  YES
    SUPPRESS-TRAIL-ZEROES NO
    SUPPRESS-EQUAL        YES
    UNDEF-APT-CONT        NO



================================================================
     PROCESSING FILM < TOP >
     TO FILE < D:/WorkPrj/XiaobinGao/ADIS16448/BRD/ARTWORK/TOP.art > ...
================================================================

  FILM PARAMETERS :
  ---------------------------------------------------------
  Undefined line width                5.000
  Mirror code                         NONE
  Rotate angle                        NONE
  Offset x:                           0.000
  Offset y:                           0.000
  Plot negative                       NO
  Suppress unconnected internal pads  NO
  Draw holes only                     NO



  APERTURES USED:
  ---------------------------------------------------------
  TYPE       SIZE/NAME                   ROT   MIRROR MODE 
  ---------------------------------------------------------
  CIRCLE     0.00394                                  DARK 
  CIRCLE     0.00800                                  DARK 
  CIRCLE     0.01000                                  DARK 
  CIRCLE     0.02000                                  DARK 
  CIRCLE     0.02400                                  DARK 
  CIRCLE     0.03000                                  DARK 
  CIRCLE     0.03150                                  DARK 
  CIRCLE     0.03937                                  DARK 
  CIRCLE     0.08661                                  DARK 
  CIRCLE     0.23622                                  DARK 
  SQUARE     0.06000                     0.000 NO     DARK 
  RECTANGLE  0.01181     x 0.04724       0.000 NO     DARK 
  RECTANGLE  0.01181     x 0.04724      90.000 NO     DARK 
  RECTANGLE  0.01378     x 0.00984      90.000 NO     DARK 
  RECTANGLE  0.01575     x 0.03150       0.000 NO     DARK 
  RECTANGLE  0.02362     x 0.06102      90.000 NO     DARK 
  RECTANGLE  0.02362     x 0.06299       0.000 NO     DARK 
  RECTANGLE  0.03500     x 0.03200       0.000 NO     DARK 
  RECTANGLE  0.03500     x 0.03200      90.000 NO     DARK 
  RECTANGLE  0.03543     x 0.11811       0.000 NO     DARK 
  RECTANGLE  0.04488     x 0.04724       0.000 NO     DARK 
  RECTANGLE  0.04488     x 0.04724      90.000 NO     DARK 
  RECTANGLE  0.04500     x 0.05500       0.000 NO     DARK 
  RECTANGLE  0.04500     x 0.05500      90.000 NO     DARK 
  RECTANGLE  0.04800     x 0.07100       0.000 NO     DARK 
  RECTANGLE  0.05000     x 0.06200      90.000 NO     DARK 
  RECTANGLE  0.05906     x 0.06299      90.000 NO     DARK 
  RECTANGLE  0.06890     x 0.02402      90.000 NO     DARK 
  RECTANGLE  0.07874     x 0.19685      90.000 NO     DARK 
  RECTANGLE  0.09449     x 0.12992       0.000 NO     DARK 
  RECTANGLE  0.09500     x 0.11500      90.000 NO     DARK 
  RECTANGLE  0.11811     x 0.06496       0.000 NO     DARK 
  RECTANGLE  0.18504     x 0.11811      90.000 NO     DARK 
  RECTANGLE  0.29528     x 0.09842       0.000 NO     DARK 
  RECTANGLE  0.43307     x 0.47244       0.000 NO     DARK 
  OBLONG     0.02600     x 0.07000      90.000 NO     DARK 

     TOP created.


================================================================
     PROCESSING FILM < BOTTOM >
     TO FILE < D:/WorkPrj/XiaobinGao/ADIS16448/BRD/ARTWORK/BOTTOM.art > ...
================================================================

  FILM PARAMETERS :
  ---------------------------------------------------------
  Undefined line width                5.000
  Mirror code                         NONE
  Rotate angle                        NONE
  Offset x:                           0.000
  Offset y:                           0.000
  Plot negative                       NO
  Suppress unconnected internal pads  NO
  Draw holes only                     NO

    WARNING: Segment with same start and end points at
	(-1063.014 1500.732) will be ignored. Increasing output
	accuracy may allow segment to be generated.

    WARNING: Segment with same start and end points at
	(-725.557 1244.443) will be ignored. Increasing output
	accuracy may allow segment to be generated.



  APERTURES USED:
  ---------------------------------------------------------
  TYPE       SIZE/NAME                   ROT   MIRROR MODE 
  ---------------------------------------------------------
  CIRCLE     0.00394                                  DARK 
  CIRCLE     0.00800                                  DARK 
  CIRCLE     0.01000                                  DARK 
  CIRCLE     0.02000                                  DARK 
  CIRCLE     0.02400                                  DARK 
  CIRCLE     0.03000                                  DARK 
  CIRCLE     0.03150                                  DARK 
  CIRCLE     0.08661                                  DARK 
  CIRCLE     0.23622                                  DARK 

     BOTTOM created with warnings


================================================================
     PROCESSING FILM < BOTTOM_SOLDERMASK >
     TO FILE < D:/WorkPrj/XiaobinGao/ADIS16448/BRD/ARTWORK/BOTTOM_SOLDERMASK.art > ...
================================================================

  FILM PARAMETERS :
  ---------------------------------------------------------
  Undefined line width                5.000
  Mirror code                         NONE
  Rotate angle                        NONE
  Offset x:                           0.000
  Offset y:                           0.000
  Plot negative                       NO
  Suppress unconnected internal pads  NO
  Draw holes only                     NO



  APERTURES USED:
  ---------------------------------------------------------
  TYPE       SIZE/NAME                   ROT   MIRROR MODE 
  ---------------------------------------------------------
  CIRCLE     0.00394                                  DARK 
  CIRCLE     0.03543                                  DARK 
  CIRCLE     0.09055                                  DARK 
  CIRCLE     0.24016                                  DARK 

     BOTTOM_SOLDERMASK created.


================================================================
     PROCESSING FILM < BOTTOM_PASTEMASK >
     TO FILE < D:/WorkPrj/XiaobinGao/ADIS16448/BRD/ARTWORK/BOTTOM_PASTEMASK.art > ...
================================================================

  FILM PARAMETERS :
  ---------------------------------------------------------
  Undefined line width                5.000
  Mirror code                         NONE
  Rotate angle                        NONE
  Offset x:                           0.000
  Offset y:                           0.000
  Plot negative                       NO
  Suppress unconnected internal pads  NO
  Draw holes only                     NO



  APERTURES USED:
  ---------------------------------------------------------
  TYPE       SIZE/NAME                   ROT   MIRROR MODE 
  ---------------------------------------------------------
  CIRCLE     0.00394                                  DARK 
  CIRCLE     0.23622                                  DARK 

     BOTTOM_PASTEMASK created.


================================================================
     PROCESSING FILM < BOTTOM_SILKSCREEN >
     TO FILE < D:/WorkPrj/XiaobinGao/ADIS16448/BRD/ARTWORK/BOTTOM_SILKSCREEN.art > ...
================================================================

  FILM PARAMETERS :
  ---------------------------------------------------------
  Undefined line width                5.000
  Mirror code                         NONE
  Rotate angle                        NONE
  Offset x:                           0.000
  Offset y:                           0.000
  Plot negative                       NO
  Suppress unconnected internal pads  NO
  Draw holes only                     NO



  APERTURES USED:
  ---------------------------------------------------------
  TYPE       SIZE/NAME                   ROT   MIRROR MODE 
  ---------------------------------------------------------
  CIRCLE     0.00394                                  DARK 
  CIRCLE     0.00500                                  DARK 
  CIRCLE     0.00600                                  DARK 
  CIRCLE     0.00787                                  DARK 

     BOTTOM_SILKSCREEN created.


================================================================
     PROCESSING FILM < TOP_SOLDERMASK >
     TO FILE < D:/WorkPrj/XiaobinGao/ADIS16448/BRD/ARTWORK/TOP_SOLDERMASK.art > ...
================================================================

  FILM PARAMETERS :
  ---------------------------------------------------------
  Undefined line width                5.000
  Mirror code                         NONE
  Rotate angle                        NONE
  Offset x:                           0.000
  Offset y:                           0.000
  Plot negative                       NO
  Suppress unconnected internal pads  NO
  Draw holes only                     NO



  APERTURES USED:
  ---------------------------------------------------------
  TYPE       SIZE/NAME                   ROT   MIRROR MODE 
  ---------------------------------------------------------
  CIRCLE     0.00394                                  DARK 
  CIRCLE     0.03543                                  DARK 
  CIRCLE     0.04331                                  DARK 
  CIRCLE     0.09055                                  DARK 
  CIRCLE     0.24016                                  DARK 
  SQUARE     0.06500                     0.000 NO     DARK 
  RECTANGLE  0.01575     x 0.05118       0.000 NO     DARK 
  RECTANGLE  0.01575     x 0.05118      90.000 NO     DARK 
  RECTANGLE  0.01772     x 0.01378      90.000 NO     DARK 
  RECTANGLE  0.01968     x 0.03543       0.000 NO     DARK 
  RECTANGLE  0.02756     x 0.06496      90.000 NO     DARK 
  RECTANGLE  0.02756     x 0.06693       0.000 NO     DARK 
  RECTANGLE  0.03500     x 0.03200       0.000 NO     DARK 
  RECTANGLE  0.03500     x 0.03200      90.000 NO     DARK 
  RECTANGLE  0.03937     x 0.12205       0.000 NO     DARK 
  RECTANGLE  0.04500     x 0.05500       0.000 NO     DARK 
  RECTANGLE  0.04500     x 0.05500      90.000 NO     DARK 
  RECTANGLE  0.04800     x 0.07100       0.000 NO     DARK 
  RECTANGLE  0.04882     x 0.05118       0.000 NO     DARK 
  RECTANGLE  0.04882     x 0.05118      90.000 NO     DARK 
  RECTANGLE  0.05000     x 0.06200      90.000 NO     DARK 
  RECTANGLE  0.06299     x 0.06693      90.000 NO     DARK 
  RECTANGLE  0.07283     x 0.02795      90.000 NO     DARK 
  RECTANGLE  0.08268     x 0.20079      90.000 NO     DARK 
  RECTANGLE  0.09500     x 0.11500      90.000 NO     DARK 
  RECTANGLE  0.09842     x 0.13386       0.000 NO     DARK 
  RECTANGLE  0.12205     x 0.06890       0.000 NO     DARK 
  RECTANGLE  0.18898     x 0.12205      90.000 NO     DARK 
  RECTANGLE  0.29921     x 0.10236       0.000 NO     DARK 
  RECTANGLE  0.43701     x 0.47638       0.000 NO     DARK 
  OBLONG     0.02600     x 0.07000      90.000 NO     DARK 

     TOP_SOLDERMASK created.


================================================================
     PROCESSING FILM < TOP_PASTEMASK >
     TO FILE < D:/WorkPrj/XiaobinGao/ADIS16448/BRD/ARTWORK/TOP_PASTEMASK.art > ...
================================================================

  FILM PARAMETERS :
  ---------------------------------------------------------
  Undefined line width                5.000
  Mirror code                         NONE
  Rotate angle                        NONE
  Offset x:                           0.000
  Offset y:                           0.000
  Plot negative                       NO
  Suppress unconnected internal pads  NO
  Draw holes only                     NO



  APERTURES USED:
  ---------------------------------------------------------
  TYPE       SIZE/NAME                   ROT   MIRROR MODE 
  ---------------------------------------------------------
  CIRCLE     0.00394                                  DARK 
  CIRCLE     0.03937                                  DARK 
  CIRCLE     0.23622                                  DARK 
  SQUARE     0.06000                     0.000 NO     DARK 
  RECTANGLE  0.01181     x 0.04724       0.000 NO     DARK 
  RECTANGLE  0.01181     x 0.04724      90.000 NO     DARK 
  RECTANGLE  0.01378     x 0.00984      90.000 NO     DARK 
  RECTANGLE  0.01575     x 0.03150       0.000 NO     DARK 
  RECTANGLE  0.02362     x 0.06102      90.000 NO     DARK 
  RECTANGLE  0.02362     x 0.06299       0.000 NO     DARK 
  RECTANGLE  0.03500     x 0.03200       0.000 NO     DARK 
  RECTANGLE  0.03500     x 0.03200      90.000 NO     DARK 
  RECTANGLE  0.03543     x 0.11811       0.000 NO     DARK 
  RECTANGLE  0.04488     x 0.04724       0.000 NO     DARK 
  RECTANGLE  0.04488     x 0.04724      90.000 NO     DARK 
  RECTANGLE  0.04500     x 0.05500       0.000 NO     DARK 
  RECTANGLE  0.04500     x 0.05500      90.000 NO     DARK 
  RECTANGLE  0.04800     x 0.07100       0.000 NO     DARK 
  RECTANGLE  0.05000     x 0.06200      90.000 NO     DARK 
  RECTANGLE  0.05906     x 0.06299      90.000 NO     DARK 
  RECTANGLE  0.06890     x 0.02402      90.000 NO     DARK 
  RECTANGLE  0.07874     x 0.19685      90.000 NO     DARK 
  RECTANGLE  0.09449     x 0.12992       0.000 NO     DARK 
  RECTANGLE  0.09500     x 0.11500      90.000 NO     DARK 
  RECTANGLE  0.11811     x 0.06496       0.000 NO     DARK 
  RECTANGLE  0.18504     x 0.11811      90.000 NO     DARK 
  RECTANGLE  0.29528     x 0.09842       0.000 NO     DARK 
  RECTANGLE  0.43307     x 0.47244       0.000 NO     DARK 
  OBLONG     0.02600     x 0.07000      90.000 NO     DARK 

     TOP_PASTEMASK created.


================================================================
     PROCESSING FILM < TOP_SILKSCREEN >
     TO FILE < D:/WorkPrj/XiaobinGao/ADIS16448/BRD/ARTWORK/TOP_SILKSCREEN.art > ...
================================================================

  FILM PARAMETERS :
  ---------------------------------------------------------
  Undefined line width                5.000
  Mirror code                         NONE
  Rotate angle                        NONE
  Offset x:                           0.000
  Offset y:                           0.000
  Plot negative                       NO
  Suppress unconnected internal pads  NO
  Draw holes only                     NO

    WARNING: 0 width line found at (-820.748 -1306.496)
           ... using undefined line width of 5.000



  APERTURES USED:
  ---------------------------------------------------------
  TYPE       SIZE/NAME                   ROT   MIRROR MODE 
  ---------------------------------------------------------
  CIRCLE     0.00394                                  DARK 
  CIRCLE     0.00400                                  DARK 
  CIRCLE     0.00500                                  DARK 
  CIRCLE     0.00591                                  DARK 
  CIRCLE     0.00591                                  DARK 
  CIRCLE     0.00600                                  DARK 
  CIRCLE     0.00787                                  DARK 
  CIRCLE     0.00787                                  DARK 
  CIRCLE     0.00984                                  DARK 

     TOP_SILKSCREEN created with warnings


================================================================
     PROCESSING FILM < outline >
     TO FILE < D:/WorkPrj/XiaobinGao/ADIS16448/BRD/ARTWORK/outline.art > ...
================================================================

  FILM PARAMETERS :
  ---------------------------------------------------------
  Undefined line width                6.000
  Mirror code                         NONE
  Rotate angle                        NONE
  Offset x:                           0.000
  Offset y:                           0.000
  Plot negative                       NO
  Suppress unconnected internal pads  NO
  Draw holes only                     NO



  APERTURES USED:
  ---------------------------------------------------------
  TYPE       SIZE/NAME                   ROT   MIRROR MODE 
  ---------------------------------------------------------
  CIRCLE     0.00394                                  DARK 

     outline created.


------------------------------------------------------
 SUMMARY:
        TOP created.
        BOTTOM created with warnings
        BOTTOM_SOLDERMASK created.
        BOTTOM_PASTEMASK created.
        BOTTOM_SILKSCREEN created.
        TOP_SOLDERMASK created.
        TOP_PASTEMASK created.
        TOP_SILKSCREEN created with warnings
        outline created.

 ARTWORK had warnings
